<?xml version="1.0" encoding="UTF-8"?>
<!-- Generated by org.testng.reporters.JUnitReportReporter -->
<testsuite skipped="0" hostname="Saurav-PC" name="mavenDemo.SampleMavenTest.Test1" tests="1" failures="0" timestamp="10 Feb 2018 19:18:26 GMT" time="0.053" errors="0">
  <testcase name="test" time="0.053" classname="mavenDemo.SampleMavenTest.Test1"/>
</testsuite> <!-- mavenDemo.SampleMavenTest.Test1 -->
